Flow report for mips_pipelined
Fri Oct 05 21:51:29 2018
Quartus Prime Version 17.0.0 Build 595 04/25/2017 SJ Lite Edition


---------------------
; Table of Contents ;
---------------------
  1. Legal Notice
  2. Flow Summary
  3. Flow Settings
  4. Flow Non-Default Global Settings
  5. Flow Elapsed Time
  6. Flow OS Summary
  7. Flow Log
  8. Flow Messages
  9. Flow Suppressed Messages



----------------
; Legal Notice ;
----------------
Copyright (C) 2017  Intel Corporation. All rights reserved.
Your use of Intel Corporation's design tools, logic functions 
and other software and tools, and its AMPP partner logic 
functions, and any output files from any of the foregoing 
(including device programming or simulation files), and any 
associated documentation or information are expressly subject 
to the terms and conditions of the Intel Program License 
Subscription Agreement, the Intel Quartus Prime License Agreement,
the Intel MegaCore Function License Agreement, or other 
applicable license agreement, including, without limitation, 
that your use is for the sole purpose of programming logic 
devices manufactured by Intel and sold by Intel or its 
authorized distributors.  Please refer to the applicable 
agreement for further details.



+----------------------------------------------------------------------------------+
; Flow Summary                                                                     ;
+------------------------------------+---------------------------------------------+
; Flow Status                        ; Successful - Fri Oct 05 21:51:16 2018       ;
; Quartus Prime Version              ; 17.0.0 Build 595 04/25/2017 SJ Lite Edition ;
; Revision Name                      ; mips_pipelined                              ;
; Top-level Entity Name              ; mips_pipelined                              ;
; Family                             ; Cyclone IV E                                ;
; Device                             ; EP4CE115F29C7                               ;
; Timing Models                      ; Final                                       ;
; Total logic elements               ; 2,332 / 114,480 ( 2 % )                     ;
;     Total combinational functions  ; 2,325 / 114,480 ( 2 % )                     ;
;     Dedicated logic registers      ; 1,393 / 114,480 ( 1 % )                     ;
; Total registers                    ; 1393                                        ;
; Total pins                         ; 108 / 529 ( 20 % )                          ;
; Total virtual pins                 ; 0                                           ;
; Total memory bits                  ; 0 / 3,981,312 ( 0 % )                       ;
; Embedded Multiplier 9-bit elements ; 0 / 532 ( 0 % )                             ;
; Total PLLs                         ; 0 / 4 ( 0 % )                               ;
+------------------------------------+---------------------------------------------+


+-----------------------------------------+
; Flow Settings                           ;
+-------------------+---------------------+
; Option            ; Setting             ;
+-------------------+---------------------+
; Start date & time ; 10/05/2018 21:49:15 ;
; Main task         ; Compilation         ;
; Revision Name     ; mips_pipelined      ;
+-------------------+---------------------+


+-------------------------------------------------------------------------------------------------------------------------+
; Flow Non-Default Global Settings                                                                                        ;
+-------------------------------------+----------------------------------------+---------------+-------------+------------+
; Assignment Name                     ; Value                                  ; Default Value ; Entity Name ; Section Id ;
+-------------------------------------+----------------------------------------+---------------+-------------+------------+
; COMPILER_SIGNATURE_ID               ; 268891677068776.153878695505976        ; --            ; --          ; --         ;
; PARTITION_COLOR                     ; -- (Not supported for targeted family) ; --            ; --          ; Top        ;
; PARTITION_FITTER_PRESERVATION_LEVEL ; -- (Not supported for targeted family) ; --            ; --          ; Top        ;
; PARTITION_NETLIST_TYPE              ; -- (Not supported for targeted family) ; --            ; --          ; Top        ;
+-------------------------------------+----------------------------------------+---------------+-------------+------------+


+-------------------------------------------------------------------------------------------------------------------------------+
; Flow Elapsed Time                                                                                                             ;
+---------------------------+--------------+-------------------------+---------------------+------------------------------------+
; Module Name               ; Elapsed Time ; Average Processors Used ; Peak Virtual Memory ; Total CPU Time (on all processors) ;
+---------------------------+--------------+-------------------------+---------------------+------------------------------------+
; Analysis & Synthesis      ; 00:00:48     ; 1.0                     ; 4790 MB             ; 00:01:05                           ;
; Fitter                    ; 00:00:48     ; 1.0                     ; 5562 MB             ; 00:00:46                           ;
; Assembler                 ; 00:00:08     ; 1.0                     ; 4710 MB             ; 00:00:07                           ;
; TimeQuest Timing Analyzer ; 00:00:10     ; 1.1                     ; 4864 MB             ; 00:00:06                           ;
; Total                     ; 00:01:54     ; --                      ; --                  ; 00:02:04                           ;
+---------------------------+--------------+-------------------------+---------------------+------------------------------------+


+-----------------------------------------------------------------------------------------+
; Flow OS Summary                                                                         ;
+---------------------------+------------------+------------+------------+----------------+
; Module Name               ; Machine Hostname ; OS Name    ; OS Version ; Processor type ;
+---------------------------+------------------+------------+------------+----------------+
; Analysis & Synthesis      ; DESKTOP-Q380384  ; Windows 10 ; 10.0       ; x86_64         ;
; Fitter                    ; DESKTOP-Q380384  ; Windows 10 ; 10.0       ; x86_64         ;
; Assembler                 ; DESKTOP-Q380384  ; Windows 10 ; 10.0       ; x86_64         ;
; TimeQuest Timing Analyzer ; DESKTOP-Q380384  ; Windows 10 ; 10.0       ; x86_64         ;
+---------------------------+------------------+------------+------------+----------------+


------------
; Flow Log ;
------------
quartus_map --read_settings_files=on --write_settings_files=off mips_pipelined -c mips_pipelined
quartus_fit --read_settings_files=off --write_settings_files=off mips_pipelined -c mips_pipelined
quartus_asm --read_settings_files=off --write_settings_files=off mips_pipelined -c mips_pipelined
quartus_sta mips_pipelined -c mips_pipelined



